<?xml version="1.0" encoding="UTF-8"?>
<!-- Generated by org.testng.reporters.JUnitXMLReporter -->
<testsuite ignored="0" hostname="Gargi_Laptop" failures="0" tests="5" name="Test" time="3.493" errors="0" timestamp="2024-07-10T14:17:18 EDT">
  <testcase classname="testCases.TC_VideoGameAPI" name="test_getAllVideoGames" time="1.98"/>
  <testcase classname="testCases.TC_VideoGameAPI" name="test_addNewVideoGames" time="0.594"/>
  <testcase classname="testCases.TC_VideoGameAPI" name="test_getVideoGame" time="0.732"/>
  <testcase classname="testCases.TC_VideoGameAPI" name="test_updateVideoGame" time="0.096"/>
  <testcase classname="testCases.TC_VideoGameAPI" name="test_deleteVideoGame" time="0.03"/>
</testsuite> <!-- Test -->
