<?xml version="1.0" encoding="UTF-8"?>
<!-- Generated by org.testng.reporters.JUnitXMLReporter -->
<testsuite ignored="0" hostname="Gargi_Laptop" failures="0" tests="5" name="Test" time="4.043" errors="0" timestamp="2024-07-10T14:34:15 EDT">
  <testcase classname="testCases.TC_VideoGameAPI" name="test_getAllVideoGames" time="2.468"/>
  <testcase classname="testCases.TC_VideoGameAPI" name="test_addNewVideoGames" time="0.654"/>
  <testcase classname="testCases.TC_VideoGameAPI" name="test_getVideoGame" time="0.754"/>
  <testcase classname="testCases.TC_VideoGameAPI" name="test_updateVideoGame" time="0.083"/>
  <testcase classname="testCases.TC_VideoGameAPI" name="test_deleteVideoGame" time="0.036"/>
</testsuite> <!-- Test -->
