<?xml version="1.0" encoding="UTF-8"?>
<testng-results ignored="0" total="5" passed="5" failed="0" skipped="0">
  <reporter-output>
  </reporter-output>
  <suite started-at="2024-07-10T14:34:11 EDT" name="Suite" finished-at="2024-07-10T14:34:15 EDT" duration-ms="4043">
    <groups>
    </groups>
    <test started-at="2024-07-10T14:34:11 EDT" name="Test" finished-at="2024-07-10T14:34:15 EDT" duration-ms="4043">
      <class name="testCases.TC_VideoGameAPI">
        <test-method signature="test_getAllVideoGames()[pri:1, instance:testCases.TC_VideoGameAPI@4b0b0854]" started-at="2024-07-10T14:34:11 EDT" name="test_getAllVideoGames" finished-at="2024-07-10T14:34:13 EDT" duration-ms="2468" status="PASS">
          <reporter-output>
          </reporter-output>
        </test-method> <!-- test_getAllVideoGames -->
        <test-method signature="test_addNewVideoGames()[pri:2, instance:testCases.TC_VideoGameAPI@4b0b0854]" started-at="2024-07-10T14:34:13 EDT" name="test_addNewVideoGames" finished-at="2024-07-10T14:34:14 EDT" duration-ms="654" status="PASS">
          <reporter-output>
          </reporter-output>
        </test-method> <!-- test_addNewVideoGames -->
        <test-method signature="test_getVideoGame()[pri:3, instance:testCases.TC_VideoGameAPI@4b0b0854]" started-at="2024-07-10T14:34:14 EDT" name="test_getVideoGame" finished-at="2024-07-10T14:34:14 EDT" duration-ms="754" status="PASS">
          <reporter-output>
          </reporter-output>
        </test-method> <!-- test_getVideoGame -->
        <test-method signature="test_updateVideoGame()[pri:4, instance:testCases.TC_VideoGameAPI@4b0b0854]" started-at="2024-07-10T14:34:14 EDT" name="test_updateVideoGame" finished-at="2024-07-10T14:34:15 EDT" duration-ms="83" status="PASS">
          <reporter-output>
          </reporter-output>
        </test-method> <!-- test_updateVideoGame -->
        <test-method signature="test_deleteVideoGame()[pri:5, instance:testCases.TC_VideoGameAPI@4b0b0854]" started-at="2024-07-10T14:34:15 EDT" name="test_deleteVideoGame" finished-at="2024-07-10T14:34:15 EDT" duration-ms="36" status="PASS">
          <reporter-output>
          </reporter-output>
        </test-method> <!-- test_deleteVideoGame -->
      </class> <!-- testCases.TC_VideoGameAPI -->
    </test> <!-- Test -->
  </suite> <!-- Suite -->
</testng-results>
