<?xml version="1.0" encoding="UTF-8"?>
<testng-results ignored="0" total="5" passed="5" failed="0" skipped="0">
  <reporter-output>
  </reporter-output>
  <suite started-at="2024-07-10T14:17:14 EDT" name="Suite" finished-at="2024-07-10T14:17:18 EDT" duration-ms="3493">
    <groups>
    </groups>
    <test started-at="2024-07-10T14:17:14 EDT" name="Test" finished-at="2024-07-10T14:17:18 EDT" duration-ms="3493">
      <class name="testCases.TC_VideoGameAPI">
        <test-method signature="test_getAllVideoGames()[pri:1, instance:testCases.TC_VideoGameAPI@44c03695]" started-at="2024-07-10T14:17:14 EDT" name="test_getAllVideoGames" finished-at="2024-07-10T14:17:16 EDT" duration-ms="1980" status="PASS">
          <reporter-output>
          </reporter-output>
        </test-method> <!-- test_getAllVideoGames -->
        <test-method signature="test_addNewVideoGames()[pri:2, instance:testCases.TC_VideoGameAPI@44c03695]" started-at="2024-07-10T14:17:16 EDT" name="test_addNewVideoGames" finished-at="2024-07-10T14:17:17 EDT" duration-ms="594" status="PASS">
          <reporter-output>
          </reporter-output>
        </test-method> <!-- test_addNewVideoGames -->
        <test-method signature="test_getVideoGame()[pri:3, instance:testCases.TC_VideoGameAPI@44c03695]" started-at="2024-07-10T14:17:17 EDT" name="test_getVideoGame" finished-at="2024-07-10T14:17:18 EDT" duration-ms="732" status="PASS">
          <reporter-output>
          </reporter-output>
        </test-method> <!-- test_getVideoGame -->
        <test-method signature="test_updateVideoGame()[pri:4, instance:testCases.TC_VideoGameAPI@44c03695]" started-at="2024-07-10T14:17:18 EDT" name="test_updateVideoGame" finished-at="2024-07-10T14:17:18 EDT" duration-ms="96" status="PASS">
          <reporter-output>
          </reporter-output>
        </test-method> <!-- test_updateVideoGame -->
        <test-method signature="test_deleteVideoGame()[pri:5, instance:testCases.TC_VideoGameAPI@44c03695]" started-at="2024-07-10T14:17:18 EDT" name="test_deleteVideoGame" finished-at="2024-07-10T14:17:18 EDT" duration-ms="30" status="PASS">
          <reporter-output>
          </reporter-output>
        </test-method> <!-- test_deleteVideoGame -->
      </class> <!-- testCases.TC_VideoGameAPI -->
    </test> <!-- Test -->
  </suite> <!-- Suite -->
</testng-results>
